2021-10-02 17:45:58.166  INFO 13336 --- [Test worker] e.l.LogMetricsEmitterAppApplicationTests : Starting LogMetricsEmitterAppApplicationTests using Java 11.0.9 on C02DV8YBMD6R with PID 13336 (started by Z003CBT in /Users/Z003CBT/Desktop/metrics-emitter)
2021-10-02 17:45:58.173  INFO 13336 --- [Test worker] e.l.LogMetricsEmitterAppApplicationTests : No active profile set, falling back to default profiles: default
2021-10-02 17:45:59.386  INFO 13336 --- [Test worker] o.s.b.a.e.w.EndpointLinksResolver        : Exposing 2 endpoint(s) beneath base path ''
2021-10-02 17:45:59.422  INFO 13336 --- [Test worker] e.l.LogMetricsEmitterAppApplicationTests : Started LogMetricsEmitterAppApplicationTests in 1.495 seconds (JVM running for 2.627)
2021-10-02 19:47:09.030  INFO 68816 --- [main] c.e.l.LogMetricsEmitterAppApplication    : Starting LogMetricsEmitterAppApplication using Java 11.0.9 on C02DV8YBMD6R with PID 68816 (/Users/Z003CBT/Desktop/metrics-emitter/build/classes/java/main started by Z003CBT in /Users/Z003CBT/Desktop/metrics-emitter)
2021-10-02 19:47:09.036  INFO 68816 --- [main] c.e.l.LogMetricsEmitterAppApplication    : No active profile set, falling back to default profiles: default
2021-10-02 19:47:09.946  INFO 68816 --- [main] o.s.b.w.e.t.TomcatWebServer              : Tomcat initialized with port(s): 8080 (http)
2021-10-02 19:47:09.965  INFO 68816 --- [main] o.a.c.c.StandardService                  : Starting service [Tomcat]
2021-10-02 19:47:09.965  INFO 68816 --- [main] o.a.c.c.StandardEngine                   : Starting Servlet engine: [Apache Tomcat/9.0.53]
2021-10-02 19:47:10.032  INFO 68816 --- [main] o.a.c.c.C.[.[.[/]                        : Initializing Spring embedded WebApplicationContext
2021-10-02 19:47:10.032  INFO 68816 --- [main] w.s.c.ServletWebServerApplicationContext : Root WebApplicationContext: initialization completed in 958 ms
2021-10-02 19:47:10.460  INFO 68816 --- [main] o.s.b.a.e.w.EndpointLinksResolver        : Exposing 3 endpoint(s) beneath base path ''
2021-10-02 19:47:10.501  INFO 68816 --- [main] o.s.b.w.e.t.TomcatWebServer              : Tomcat started on port(s): 8080 (http) with context path ''
2021-10-02 19:47:10.513  INFO 68816 --- [main] c.e.l.LogMetricsEmitterAppApplication    : Started LogMetricsEmitterAppApplication in 1.863 seconds (JVM running for 2.661)
2021-10-02 19:47:11.006  INFO 68816 --- [http-nio-8080-exec-1] o.a.c.c.C.[.[.[/]                        : Initializing Spring DispatcherServlet 'dispatcherServlet'
2021-10-02 19:47:11.007  INFO 68816 --- [http-nio-8080-exec-1] o.s.w.s.DispatcherServlet                : Initializing Servlet 'dispatcherServlet'
2021-10-02 19:47:11.008  INFO 68816 --- [http-nio-8080-exec-1] o.s.w.s.DispatcherServlet                : Completed initialization in 1 ms
2021-10-02 19:47:20.217  INFO 68816 --- [http-nio-8080-exec-3] c.e.l.c.HelloControlller                 :  increase count to  1Sat Oct 02 19:47:20 IST 2021
2021-10-02 19:47:36.964 ERROR 68816 --- [http-nio-8080-exec-4] c.e.l.c.HelloControlller                 : Exception -java.lang.Exception: Exception has occured
	at com.example.logmetricsemitterapp.controller.HelloControlller.raiseException(HelloControlller.java:45)
	at java.base/jdk.internal.reflect.NativeMethodAccessorImpl.invoke0(Native Method)
	at java.base/jdk.internal.reflect.NativeMethodAccessorImpl.invoke(NativeMethodAccessorImpl.java:62)
	at java.base/jdk.internal.reflect.DelegatingMethodAccessorImpl.invoke(DelegatingMethodAccessorImpl.java:43)
	at java.base/java.lang.reflect.Method.invoke(Method.java:566)
	at org.springframework.web.method.support.InvocableHandlerMethod.doInvoke(InvocableHandlerMethod.java:205)
	at org.springframework.web.method.support.InvocableHandlerMethod.invokeForRequest(InvocableHandlerMethod.java:150)
	at org.springframework.web.servlet.mvc.method.annotation.ServletInvocableHandlerMethod.invokeAndHandle(ServletInvocableHandlerMethod.java:117)
	at org.springframework.web.servlet.mvc.method.annotation.RequestMappingHandlerAdapter.invokeHandlerMethod(RequestMappingHandlerAdapter.java:895)
	at org.springframework.web.servlet.mvc.method.annotation.RequestMappingHandlerAdapter.handleInternal(RequestMappingHandlerAdapter.java:808)
	at org.springframework.web.servlet.mvc.method.AbstractHandlerMethodAdapter.handle(AbstractHandlerMethodAdapter.java:87)
	at org.springframework.web.servlet.DispatcherServlet.doDispatch(DispatcherServlet.java:1067)
	at org.springframework.web.servlet.DispatcherServlet.doService(DispatcherServlet.java:963)
	at org.springframework.web.servlet.FrameworkServlet.processRequest(FrameworkServlet.java:1006)
	at org.springframework.web.servlet.FrameworkServlet.doGet(FrameworkServlet.java:898)
	at javax.servlet.http.HttpServlet.service(HttpServlet.java:655)
	at org.springframework.web.servlet.FrameworkServlet.service(FrameworkServlet.java:883)
	at javax.servlet.http.HttpServlet.service(HttpServlet.java:764)
	at org.apache.catalina.core.ApplicationFilterChain.internalDoFilter(ApplicationFilterChain.java:227)
	at org.apache.catalina.core.ApplicationFilterChain.doFilter(ApplicationFilterChain.java:162)
	at org.apache.tomcat.websocket.server.WsFilter.doFilter(WsFilter.java:53)
	at org.apache.catalina.core.ApplicationFilterChain.internalDoFilter(ApplicationFilterChain.java:189)
	at org.apache.catalina.core.ApplicationFilterChain.doFilter(ApplicationFilterChain.java:162)
	at org.springframework.web.filter.RequestContextFilter.doFilterInternal(RequestContextFilter.java:100)
	at org.springframework.web.filter.OncePerRequestFilter.doFilter(OncePerRequestFilter.java:119)
	at org.apache.catalina.core.ApplicationFilterChain.internalDoFilter(ApplicationFilterChain.java:189)
	at org.apache.catalina.core.ApplicationFilterChain.doFilter(ApplicationFilterChain.java:162)
	at org.springframework.web.filter.FormContentFilter.doFilterInternal(FormContentFilter.java:93)
	at org.springframework.web.filter.OncePerRequestFilter.doFilter(OncePerRequestFilter.java:119)
	at org.apache.catalina.core.ApplicationFilterChain.internalDoFilter(ApplicationFilterChain.java:189)
	at org.apache.catalina.core.ApplicationFilterChain.doFilter(ApplicationFilterChain.java:162)
	at org.springframework.boot.actuate.metrics.web.servlet.WebMvcMetricsFilter.doFilterInternal(WebMvcMetricsFilter.java:96)
	at org.springframework.web.filter.OncePerRequestFilter.doFilter(OncePerRequestFilter.java:119)
	at org.apache.catalina.core.ApplicationFilterChain.internalDoFilter(ApplicationFilterChain.java:189)
	at org.apache.catalina.core.ApplicationFilterChain.doFilter(ApplicationFilterChain.java:162)
	at org.springframework.web.filter.CharacterEncodingFilter.doFilterInternal(CharacterEncodingFilter.java:201)
	at org.springframework.web.filter.OncePerRequestFilter.doFilter(OncePerRequestFilter.java:119)
	at org.apache.catalina.core.ApplicationFilterChain.internalDoFilter(ApplicationFilterChain.java:189)
	at org.apache.catalina.core.ApplicationFilterChain.doFilter(ApplicationFilterChain.java:162)
	at org.apache.catalina.core.StandardWrapperValve.invoke(StandardWrapperValve.java:197)
	at org.apache.catalina.core.StandardContextValve.invoke(StandardContextValve.java:97)
	at org.apache.catalina.authenticator.AuthenticatorBase.invoke(AuthenticatorBase.java:540)
	at org.apache.catalina.core.StandardHostValve.invoke(StandardHostValve.java:135)
	at org.apache.catalina.valves.ErrorReportValve.invoke(ErrorReportValve.java:92)
	at org.apache.catalina.core.StandardEngineValve.invoke(StandardEngineValve.java:78)
	at org.apache.catalina.connector.CoyoteAdapter.service(CoyoteAdapter.java:357)
	at org.apache.coyote.http11.Http11Processor.service(Http11Processor.java:382)
	at org.apache.coyote.AbstractProcessorLight.process(AbstractProcessorLight.java:65)
	at org.apache.coyote.AbstractProtocol$ConnectionHandler.process(AbstractProtocol.java:893)
	at org.apache.tomcat.util.net.NioEndpoint$SocketProcessor.doRun(NioEndpoint.java:1726)
	at org.apache.tomcat.util.net.SocketProcessorBase.run(SocketProcessorBase.java:49)
	at org.apache.tomcat.util.threads.ThreadPoolExecutor.runWorker(ThreadPoolExecutor.java:1191)
	at org.apache.tomcat.util.threads.ThreadPoolExecutor$Worker.run(ThreadPoolExecutor.java:659)
	at org.apache.tomcat.util.threads.TaskThread$WrappingRunnable.run(TaskThread.java:61)
	at java.base/java.lang.Thread.run(Thread.java:834)

2021-10-03 07:56:45.344  INFO 71157 --- [main] c.e.l.LogMetricsEmitterAppApplication    : Starting LogMetricsEmitterAppApplication using Java 11.0.9 on C02DV8YBMD6R with PID 71157 (/Users/Z003CBT/Desktop/metrics-emitter/build/classes/java/main started by Z003CBT in /Users/Z003CBT/Desktop/metrics-emitter)
2021-10-03 07:56:45.351  INFO 71157 --- [main] c.e.l.LogMetricsEmitterAppApplication    : No active profile set, falling back to default profiles: default
2021-10-03 07:56:46.233  INFO 71157 --- [main] o.s.b.w.e.t.TomcatWebServer              : Tomcat initialized with port(s): 8080 (http)
2021-10-03 07:56:46.251  INFO 71157 --- [main] o.a.c.c.StandardService                  : Starting service [Tomcat]
2021-10-03 07:56:46.253  INFO 71157 --- [main] o.a.c.c.StandardEngine                   : Starting Servlet engine: [Apache Tomcat/9.0.53]
2021-10-03 07:56:46.323  INFO 71157 --- [main] o.a.c.c.C.[.[.[/]                        : Initializing Spring embedded WebApplicationContext
2021-10-03 07:56:46.323  INFO 71157 --- [main] w.s.c.ServletWebServerApplicationContext : Root WebApplicationContext: initialization completed in 937 ms
2021-10-03 07:56:46.735  INFO 71157 --- [main] o.s.b.a.e.w.EndpointLinksResolver        : Exposing 3 endpoint(s) beneath base path ''
2021-10-03 07:56:46.781  INFO 71157 --- [main] o.s.b.w.e.t.TomcatWebServer              : Tomcat started on port(s): 8080 (http) with context path ''
2021-10-03 07:56:46.792  INFO 71157 --- [main] c.e.l.LogMetricsEmitterAppApplication    : Started LogMetricsEmitterAppApplication in 1.893 seconds (JVM running for 2.58)
2021-10-03 07:57:01.007  INFO 71157 --- [http-nio-8080-exec-1] o.a.c.c.C.[.[.[/]                        : Initializing Spring DispatcherServlet 'dispatcherServlet'
2021-10-03 07:57:01.008  INFO 71157 --- [http-nio-8080-exec-1] o.s.w.s.DispatcherServlet                : Initializing Servlet 'dispatcherServlet'
2021-10-03 07:57:01.009  INFO 71157 --- [http-nio-8080-exec-1] o.s.w.s.DispatcherServlet                : Completed initialization in 1 ms
2021-10-03 07:58:07.314  INFO 71761 --- [main] c.e.l.LogMetricsEmitterAppApplication    : Starting LogMetricsEmitterAppApplication using Java 11.0.9 on C02DV8YBMD6R with PID 71761 (/Users/Z003CBT/Desktop/metrics-emitter/build/classes/java/main started by Z003CBT in /Users/Z003CBT/Desktop/metrics-emitter)
2021-10-03 07:58:07.320  INFO 71761 --- [main] c.e.l.LogMetricsEmitterAppApplication    : No active profile set, falling back to default profiles: default
2021-10-03 07:58:08.206  INFO 71761 --- [main] o.s.b.w.e.t.TomcatWebServer              : Tomcat initialized with port(s): 8080 (http)
2021-10-03 07:58:08.223  INFO 71761 --- [main] o.a.c.c.StandardService                  : Starting service [Tomcat]
2021-10-03 07:58:08.224  INFO 71761 --- [main] o.a.c.c.StandardEngine                   : Starting Servlet engine: [Apache Tomcat/9.0.53]
2021-10-03 07:58:08.292  INFO 71761 --- [main] o.a.c.c.C.[.[.[/]                        : Initializing Spring embedded WebApplicationContext
2021-10-03 07:58:08.292  INFO 71761 --- [main] w.s.c.ServletWebServerApplicationContext : Root WebApplicationContext: initialization completed in 938 ms
2021-10-03 07:58:08.745  INFO 71761 --- [main] o.s.b.a.e.w.EndpointLinksResolver        : Exposing 3 endpoint(s) beneath base path ''
2021-10-03 07:58:08.787  INFO 71761 --- [main] o.s.b.w.e.t.TomcatWebServer              : Tomcat started on port(s): 8080 (http) with context path ''
2021-10-03 07:58:08.802  INFO 71761 --- [main] c.e.l.LogMetricsEmitterAppApplication    : Started LogMetricsEmitterAppApplication in 1.917 seconds (JVM running for 2.582)
2021-10-03 07:58:11.996  INFO 71761 --- [http-nio-8080-exec-1] o.a.c.c.C.[.[.[/]                        : Initializing Spring DispatcherServlet 'dispatcherServlet'
2021-10-03 07:58:11.996  INFO 71761 --- [http-nio-8080-exec-1] o.s.w.s.DispatcherServlet                : Initializing Servlet 'dispatcherServlet'
2021-10-03 07:58:11.997  INFO 71761 --- [http-nio-8080-exec-1] o.s.w.s.DispatcherServlet                : Completed initialization in 1 ms
2021-10-03 08:00:05.411  INFO 74091 --- [main] c.e.l.LogMetricsEmitterAppApplication    : Starting LogMetricsEmitterAppApplication using Java 11.0.9 on C02DV8YBMD6R with PID 74091 (/Users/Z003CBT/Desktop/metrics-emitter/build/classes/java/main started by Z003CBT in /Users/Z003CBT/Desktop/metrics-emitter)
2021-10-03 08:00:05.417  INFO 74091 --- [main] c.e.l.LogMetricsEmitterAppApplication    : No active profile set, falling back to default profiles: default
2021-10-03 08:00:06.284  INFO 74091 --- [main] o.s.b.w.e.t.TomcatWebServer              : Tomcat initialized with port(s): 8080 (http)
2021-10-03 08:00:06.301  INFO 74091 --- [main] o.a.c.c.StandardService                  : Starting service [Tomcat]
2021-10-03 08:00:06.302  INFO 74091 --- [main] o.a.c.c.StandardEngine                   : Starting Servlet engine: [Apache Tomcat/9.0.53]
2021-10-03 08:00:06.375  INFO 74091 --- [main] o.a.c.c.C.[.[.[/]                        : Initializing Spring embedded WebApplicationContext
2021-10-03 08:00:06.376  INFO 74091 --- [main] w.s.c.ServletWebServerApplicationContext : Root WebApplicationContext: initialization completed in 923 ms
2021-10-03 08:00:06.833  INFO 74091 --- [main] o.s.b.a.e.w.EndpointLinksResolver        : Exposing 3 endpoint(s) beneath base path ''
2021-10-03 08:00:06.871  INFO 74091 --- [main] o.s.b.w.e.t.TomcatWebServer              : Tomcat started on port(s): 8080 (http) with context path ''
2021-10-03 08:00:06.883  INFO 74091 --- [main] c.e.l.LogMetricsEmitterAppApplication    : Started LogMetricsEmitterAppApplication in 1.852 seconds (JVM running for 2.47)
2021-10-03 08:00:10.673  INFO 74091 --- [http-nio-8080-exec-1] o.a.c.c.C.[.[.[/]                        : Initializing Spring DispatcherServlet 'dispatcherServlet'
2021-10-03 08:00:10.674  INFO 74091 --- [http-nio-8080-exec-1] o.s.w.s.DispatcherServlet                : Initializing Servlet 'dispatcherServlet'
2021-10-03 08:00:10.675  INFO 74091 --- [http-nio-8080-exec-1] o.s.w.s.DispatcherServlet                : Completed initialization in 1 ms
2021-10-03 08:01:43.186  INFO 74482 --- [Test worker] e.l.LogMetricsEmitterAppApplicationTests : Starting LogMetricsEmitterAppApplicationTests using Java 11.0.9 on C02DV8YBMD6R with PID 74482 (started by Z003CBT in /Users/Z003CBT/Desktop/metrics-emitter)
2021-10-03 08:01:43.192  INFO 74482 --- [Test worker] e.l.LogMetricsEmitterAppApplicationTests : No active profile set, falling back to default profiles: default
2021-10-03 08:01:44.632  INFO 74482 --- [Test worker] o.s.b.a.e.w.EndpointLinksResolver        : Exposing 2 endpoint(s) beneath base path ''
2021-10-03 08:01:44.669  INFO 74482 --- [Test worker] e.l.LogMetricsEmitterAppApplicationTests : Started LogMetricsEmitterAppApplicationTests in 1.75 seconds (JVM running for 2.878)
2021-10-03 08:01:57.427  INFO 74678 --- [main] c.e.l.LogMetricsEmitterAppApplication    : Starting LogMetricsEmitterAppApplication using Java 11.0.9 on C02DV8YBMD6R with PID 74678 (/Users/Z003CBT/Desktop/metrics-emitter/build/classes/java/main started by Z003CBT in /Users/Z003CBT/Desktop/metrics-emitter)
2021-10-03 08:01:57.433  INFO 74678 --- [main] c.e.l.LogMetricsEmitterAppApplication    : No active profile set, falling back to default profiles: default
2021-10-03 08:01:58.230  INFO 74678 --- [main] o.s.b.w.e.t.TomcatWebServer              : Tomcat initialized with port(s): 8080 (http)
2021-10-03 08:01:58.244  INFO 74678 --- [main] o.a.c.c.StandardService                  : Starting service [Tomcat]
2021-10-03 08:01:58.245  INFO 74678 --- [main] o.a.c.c.StandardEngine                   : Starting Servlet engine: [Apache Tomcat/9.0.53]
2021-10-03 08:01:58.307  INFO 74678 --- [main] o.a.c.c.C.[.[.[/]                        : Initializing Spring embedded WebApplicationContext
2021-10-03 08:01:58.307  INFO 74678 --- [main] w.s.c.ServletWebServerApplicationContext : Root WebApplicationContext: initialization completed in 841 ms
2021-10-03 08:01:58.733  INFO 74678 --- [main] o.s.b.a.e.w.EndpointLinksResolver        : Exposing 3 endpoint(s) beneath base path ''
2021-10-03 08:01:58.774  INFO 74678 --- [main] o.s.b.w.e.t.TomcatWebServer              : Tomcat started on port(s): 8080 (http) with context path ''
2021-10-03 08:01:58.786  INFO 74678 --- [main] c.e.l.LogMetricsEmitterAppApplication    : Started LogMetricsEmitterAppApplication in 1.731 seconds (JVM running for 2.524)
2021-10-03 08:02:06.566  INFO 74678 --- [http-nio-8080-exec-1] o.a.c.c.C.[.[.[/]                        : Initializing Spring DispatcherServlet 'dispatcherServlet'
2021-10-03 08:02:06.567  INFO 74678 --- [http-nio-8080-exec-1] o.s.w.s.DispatcherServlet                : Initializing Servlet 'dispatcherServlet'
2021-10-03 08:02:06.568  INFO 74678 --- [http-nio-8080-exec-1] o.s.w.s.DispatcherServlet                : Completed initialization in 1 ms
2021-10-03 08:05:01.961  INFO 75451 --- [main] c.e.l.LogMetricsEmitterAppApplication    : Starting LogMetricsEmitterAppApplication using Java 11.0.9 on C02DV8YBMD6R with PID 75451 (/Users/Z003CBT/Desktop/metrics-emitter/build/classes/java/main started by Z003CBT in /Users/Z003CBT/Desktop/metrics-emitter)
2021-10-03 08:05:01.967  INFO 75451 --- [main] c.e.l.LogMetricsEmitterAppApplication    : No active profile set, falling back to default profiles: default
2021-10-03 08:05:02.771  INFO 75451 --- [main] o.s.b.w.e.t.TomcatWebServer              : Tomcat initialized with port(s): 8080 (http)
2021-10-03 08:05:02.786  INFO 75451 --- [main] o.a.c.c.StandardService                  : Starting service [Tomcat]
2021-10-03 08:05:02.787  INFO 75451 --- [main] o.a.c.c.StandardEngine                   : Starting Servlet engine: [Apache Tomcat/9.0.53]
2021-10-03 08:05:02.851  INFO 75451 --- [main] o.a.c.c.C.[.[.[/]                        : Initializing Spring embedded WebApplicationContext
2021-10-03 08:05:02.851  INFO 75451 --- [main] w.s.c.ServletWebServerApplicationContext : Root WebApplicationContext: initialization completed in 849 ms
2021-10-03 08:05:03.251  INFO 75451 --- [main] o.s.b.a.e.w.EndpointLinksResolver        : Exposing 3 endpoint(s) beneath base path ''
2021-10-03 08:05:03.307  INFO 75451 --- [main] o.s.b.w.e.t.TomcatWebServer              : Tomcat started on port(s): 8080 (http) with context path ''
2021-10-03 08:05:03.319  INFO 75451 --- [main] c.e.l.LogMetricsEmitterAppApplication    : Started LogMetricsEmitterAppApplication in 1.724 seconds (JVM running for 2.353)
2021-10-03 08:05:06.323  INFO 75451 --- [http-nio-8080-exec-1] o.a.c.c.C.[.[.[/]                        : Initializing Spring DispatcherServlet 'dispatcherServlet'
2021-10-03 08:05:06.324  INFO 75451 --- [http-nio-8080-exec-1] o.s.w.s.DispatcherServlet                : Initializing Servlet 'dispatcherServlet'
2021-10-03 08:05:06.325  INFO 75451 --- [http-nio-8080-exec-1] o.s.w.s.DispatcherServlet                : Completed initialization in 1 ms
2021-10-03 08:05:06.345 ERROR 75451 --- [http-nio-8080-exec-1] c.e.l.c.HelloControlller                 : Exception - java.lang.Exception: Exception has occured
	at com.example.logmetricsemitterapp.controller.HelloControlller.raiseException(HelloControlller.java:45)
	at java.base/jdk.internal.reflect.NativeMethodAccessorImpl.invoke0(Native Method)
	at java.base/jdk.internal.reflect.NativeMethodAccessorImpl.invoke(NativeMethodAccessorImpl.java:62)
	at java.base/jdk.internal.reflect.DelegatingMethodAccessorImpl.invoke(DelegatingMethodAccessorImpl.java:43)
	at java.base/java.lang.reflect.Method.invoke(Method.java:566)
	at org.springframework.web.method.support.InvocableHandlerMethod.doInvoke(InvocableHandlerMethod.java:205)
	at org.springframework.web.method.support.InvocableHandlerMethod.invokeForRequest(InvocableHandlerMethod.java:150)
	at org.springframework.web.servlet.mvc.method.annotation.ServletInvocableHandlerMethod.invokeAndHandle(ServletInvocableHandlerMethod.java:117)
	at org.springframework.web.servlet.mvc.method.annotation.RequestMappingHandlerAdapter.invokeHandlerMethod(RequestMappingHandlerAdapter.java:895)
	at org.springframework.web.servlet.mvc.method.annotation.RequestMappingHandlerAdapter.handleInternal(RequestMappingHandlerAdapter.java:808)
	at org.springframework.web.servlet.mvc.method.AbstractHandlerMethodAdapter.handle(AbstractHandlerMethodAdapter.java:87)
	at org.springframework.web.servlet.DispatcherServlet.doDispatch(DispatcherServlet.java:1067)
	at org.springframework.web.servlet.DispatcherServlet.doService(DispatcherServlet.java:963)
	at org.springframework.web.servlet.FrameworkServlet.processRequest(FrameworkServlet.java:1006)
	at org.springframework.web.servlet.FrameworkServlet.doGet(FrameworkServlet.java:898)
	at javax.servlet.http.HttpServlet.service(HttpServlet.java:655)
	at org.springframework.web.servlet.FrameworkServlet.service(FrameworkServlet.java:883)
	at javax.servlet.http.HttpServlet.service(HttpServlet.java:764)
	at org.apache.catalina.core.ApplicationFilterChain.internalDoFilter(ApplicationFilterChain.java:227)
	at org.apache.catalina.core.ApplicationFilterChain.doFilter(ApplicationFilterChain.java:162)
	at org.apache.tomcat.websocket.server.WsFilter.doFilter(WsFilter.java:53)
	at org.apache.catalina.core.ApplicationFilterChain.internalDoFilter(ApplicationFilterChain.java:189)
	at org.apache.catalina.core.ApplicationFilterChain.doFilter(ApplicationFilterChain.java:162)
	at org.springframework.web.filter.RequestContextFilter.doFilterInternal(RequestContextFilter.java:100)
	at org.springframework.web.filter.OncePerRequestFilter.doFilter(OncePerRequestFilter.java:119)
	at org.apache.catalina.core.ApplicationFilterChain.internalDoFilter(ApplicationFilterChain.java:189)
	at org.apache.catalina.core.ApplicationFilterChain.doFilter(ApplicationFilterChain.java:162)
	at org.springframework.web.filter.FormContentFilter.doFilterInternal(FormContentFilter.java:93)
	at org.springframework.web.filter.OncePerRequestFilter.doFilter(OncePerRequestFilter.java:119)
	at org.apache.catalina.core.ApplicationFilterChain.internalDoFilter(ApplicationFilterChain.java:189)
	at org.apache.catalina.core.ApplicationFilterChain.doFilter(ApplicationFilterChain.java:162)
	at org.springframework.boot.actuate.metrics.web.servlet.WebMvcMetricsFilter.doFilterInternal(WebMvcMetricsFilter.java:96)
	at org.springframework.web.filter.OncePerRequestFilter.doFilter(OncePerRequestFilter.java:119)
	at org.apache.catalina.core.ApplicationFilterChain.internalDoFilter(ApplicationFilterChain.java:189)
	at org.apache.catalina.core.ApplicationFilterChain.doFilter(ApplicationFilterChain.java:162)
	at org.springframework.web.filter.CharacterEncodingFilter.doFilterInternal(CharacterEncodingFilter.java:201)
	at org.springframework.web.filter.OncePerRequestFilter.doFilter(OncePerRequestFilter.java:119)
	at org.apache.catalina.core.ApplicationFilterChain.internalDoFilter(ApplicationFilterChain.java:189)
	at org.apache.catalina.core.ApplicationFilterChain.doFilter(ApplicationFilterChain.java:162)
	at org.apache.catalina.core.StandardWrapperValve.invoke(StandardWrapperValve.java:197)
	at org.apache.catalina.core.StandardContextValve.invoke(StandardContextValve.java:97)
	at org.apache.catalina.authenticator.AuthenticatorBase.invoke(AuthenticatorBase.java:540)
	at org.apache.catalina.core.StandardHostValve.invoke(StandardHostValve.java:135)
	at org.apache.catalina.valves.ErrorReportValve.invoke(ErrorReportValve.java:92)
	at org.apache.catalina.core.StandardEngineValve.invoke(StandardEngineValve.java:78)
	at org.apache.catalina.connector.CoyoteAdapter.service(CoyoteAdapter.java:357)
	at org.apache.coyote.http11.Http11Processor.service(Http11Processor.java:382)
	at org.apache.coyote.AbstractProcessorLight.process(AbstractProcessorLight.java:65)
	at org.apache.coyote.AbstractProtocol$ConnectionHandler.process(AbstractProtocol.java:893)
	at org.apache.tomcat.util.net.NioEndpoint$SocketProcessor.doRun(NioEndpoint.java:1726)
	at org.apache.tomcat.util.net.SocketProcessorBase.run(SocketProcessorBase.java:49)
	at org.apache.tomcat.util.threads.ThreadPoolExecutor.runWorker(ThreadPoolExecutor.java:1191)
	at org.apache.tomcat.util.threads.ThreadPoolExecutor$Worker.run(ThreadPoolExecutor.java:659)
	at org.apache.tomcat.util.threads.TaskThread$WrappingRunnable.run(TaskThread.java:61)
	at java.base/java.lang.Thread.run(Thread.java:834)

2021-10-03 08:05:52.088  INFO 75681 --- [main] c.e.l.LogMetricsEmitterAppApplication    : Starting LogMetricsEmitterAppApplication using Java 11.0.9 on C02DV8YBMD6R with PID 75681 (/Users/Z003CBT/Desktop/metrics-emitter/build/classes/java/main started by Z003CBT in /Users/Z003CBT/Desktop/metrics-emitter)
2021-10-03 08:05:52.095  INFO 75681 --- [main] c.e.l.LogMetricsEmitterAppApplication    : No active profile set, falling back to default profiles: default
2021-10-03 08:05:52.909  INFO 75681 --- [main] o.s.b.w.e.t.TomcatWebServer              : Tomcat initialized with port(s): 8080 (http)
2021-10-03 08:05:52.923  INFO 75681 --- [main] o.a.c.c.StandardService                  : Starting service [Tomcat]
2021-10-03 08:05:52.924  INFO 75681 --- [main] o.a.c.c.StandardEngine                   : Starting Servlet engine: [Apache Tomcat/9.0.53]
2021-10-03 08:05:52.986  INFO 75681 --- [main] o.a.c.c.C.[.[.[/]                        : Initializing Spring embedded WebApplicationContext
2021-10-03 08:05:52.987  INFO 75681 --- [main] w.s.c.ServletWebServerApplicationContext : Root WebApplicationContext: initialization completed in 861 ms
2021-10-03 08:05:53.275  WARN 75681 --- [main] ConfigServletWebServerApplicationContext : Exception encountered during context initialization - cancelling refresh attempt: org.springframework.beans.factory.BeanCreationException: Error creating bean with name 'requestMappingHandlerMapping' defined in class path resource [org/springframework/boot/autoconfigure/web/servlet/WebMvcAutoConfiguration$EnableWebMvcConfiguration.class]: Invocation of init method failed; nested exception is java.lang.IllegalStateException: Ambiguous mapping. Cannot map 'helloControlller' method 
com.example.logmetricsemitterapp.controller.HelloControlller#raiseException()
to {GET [/v1/exception]}: There is already 'counterController' bean method
com.example.logmetricsemitterapp.controller.CounterController#raiseException() mapped.
2021-10-03 08:05:53.281  INFO 75681 --- [main] o.a.c.c.StandardService                  : Stopping service [Tomcat]
2021-10-03 08:05:53.296  INFO 75681 --- [main] ConditionEvaluationReportLoggingListener : 

Error starting ApplicationContext. To display the conditions report re-run your application with 'debug' enabled.
2021-10-03 08:05:53.309 ERROR 75681 --- [main] o.s.b.SpringApplication                  : Application run failed

org.springframework.beans.factory.BeanCreationException: Error creating bean with name 'requestMappingHandlerMapping' defined in class path resource [org/springframework/boot/autoconfigure/web/servlet/WebMvcAutoConfiguration$EnableWebMvcConfiguration.class]: Invocation of init method failed; nested exception is java.lang.IllegalStateException: Ambiguous mapping. Cannot map 'helloControlller' method 
com.example.logmetricsemitterapp.controller.HelloControlller#raiseException()
to {GET [/v1/exception]}: There is already 'counterController' bean method
com.example.logmetricsemitterapp.controller.CounterController#raiseException() mapped.
	at org.springframework.beans.factory.support.AbstractAutowireCapableBeanFactory.initializeBean(AbstractAutowireCapableBeanFactory.java:1804) ~[spring-beans-5.3.10.jar:5.3.10]
	at org.springframework.beans.factory.support.AbstractAutowireCapableBeanFactory.doCreateBean(AbstractAutowireCapableBeanFactory.java:620) ~[spring-beans-5.3.10.jar:5.3.10]
	at org.springframework.beans.factory.support.AbstractAutowireCapableBeanFactory.createBean(AbstractAutowireCapableBeanFactory.java:542) ~[spring-beans-5.3.10.jar:5.3.10]
	at org.springframework.beans.factory.support.AbstractBeanFactory.lambda$doGetBean$0(AbstractBeanFactory.java:335) ~[spring-beans-5.3.10.jar:5.3.10]
	at org.springframework.beans.factory.support.DefaultSingletonBeanRegistry.getSingleton(DefaultSingletonBeanRegistry.java:234) ~[spring-beans-5.3.10.jar:5.3.10]
	at org.springframework.beans.factory.support.AbstractBeanFactory.doGetBean(AbstractBeanFactory.java:333) ~[spring-beans-5.3.10.jar:5.3.10]
	at org.springframework.beans.factory.support.AbstractBeanFactory.getBean(AbstractBeanFactory.java:208) ~[spring-beans-5.3.10.jar:5.3.10]
	at org.springframework.beans.factory.support.DefaultListableBeanFactory.preInstantiateSingletons(DefaultListableBeanFactory.java:944) ~[spring-beans-5.3.10.jar:5.3.10]
	at org.springframework.context.support.AbstractApplicationContext.finishBeanFactoryInitialization(AbstractApplicationContext.java:918) ~[spring-context-5.3.10.jar:5.3.10]
	at org.springframework.context.support.AbstractApplicationContext.refresh(AbstractApplicationContext.java:583) ~[spring-context-5.3.10.jar:5.3.10]
	at org.springframework.boot.web.servlet.context.ServletWebServerApplicationContext.refresh(ServletWebServerApplicationContext.java:145) ~[spring-boot-2.5.5.jar:2.5.5]
	at org.springframework.boot.SpringApplication.refresh(SpringApplication.java:754) [spring-boot-2.5.5.jar:2.5.5]
	at org.springframework.boot.SpringApplication.refreshContext(SpringApplication.java:434) [spring-boot-2.5.5.jar:2.5.5]
	at org.springframework.boot.SpringApplication.run(SpringApplication.java:338) [spring-boot-2.5.5.jar:2.5.5]
	at org.springframework.boot.SpringApplication.run(SpringApplication.java:1343) [spring-boot-2.5.5.jar:2.5.5]
	at org.springframework.boot.SpringApplication.run(SpringApplication.java:1332) [spring-boot-2.5.5.jar:2.5.5]
	at com.example.logmetricsemitterapp.LogMetricsEmitterAppApplication.main(LogMetricsEmitterAppApplication.java:12) [main/:?]
Caused by: java.lang.IllegalStateException: Ambiguous mapping. Cannot map 'helloControlller' method 
com.example.logmetricsemitterapp.controller.HelloControlller#raiseException()
to {GET [/v1/exception]}: There is already 'counterController' bean method
com.example.logmetricsemitterapp.controller.CounterController#raiseException() mapped.
	at org.springframework.web.servlet.handler.AbstractHandlerMethodMapping$MappingRegistry.validateMethodMapping(AbstractHandlerMethodMapping.java:669) ~[spring-webmvc-5.3.10.jar:5.3.10]
	at org.springframework.web.servlet.handler.AbstractHandlerMethodMapping$MappingRegistry.register(AbstractHandlerMethodMapping.java:635) ~[spring-webmvc-5.3.10.jar:5.3.10]
	at org.springframework.web.servlet.handler.AbstractHandlerMethodMapping.registerHandlerMethod(AbstractHandlerMethodMapping.java:332) ~[spring-webmvc-5.3.10.jar:5.3.10]
	at org.springframework.web.servlet.mvc.method.annotation.RequestMappingHandlerMapping.registerHandlerMethod(RequestMappingHandlerMapping.java:395) ~[spring-webmvc-5.3.10.jar:5.3.10]
	at org.springframework.web.servlet.mvc.method.annotation.RequestMappingHandlerMapping.registerHandlerMethod(RequestMappingHandlerMapping.java:76) ~[spring-webmvc-5.3.10.jar:5.3.10]
	at org.springframework.web.servlet.handler.AbstractHandlerMethodMapping.lambda$detectHandlerMethods$2(AbstractHandlerMethodMapping.java:299) ~[spring-webmvc-5.3.10.jar:5.3.10]
	at java.util.LinkedHashMap.forEach(LinkedHashMap.java:684) ~[?:?]
	at org.springframework.web.servlet.handler.AbstractHandlerMethodMapping.detectHandlerMethods(AbstractHandlerMethodMapping.java:297) ~[spring-webmvc-5.3.10.jar:5.3.10]
	at org.springframework.web.servlet.handler.AbstractHandlerMethodMapping.processCandidateBean(AbstractHandlerMethodMapping.java:266) ~[spring-webmvc-5.3.10.jar:5.3.10]
	at org.springframework.web.servlet.handler.AbstractHandlerMethodMapping.initHandlerMethods(AbstractHandlerMethodMapping.java:225) ~[spring-webmvc-5.3.10.jar:5.3.10]
	at org.springframework.web.servlet.handler.AbstractHandlerMethodMapping.afterPropertiesSet(AbstractHandlerMethodMapping.java:213) ~[spring-webmvc-5.3.10.jar:5.3.10]
	at org.springframework.web.servlet.mvc.method.annotation.RequestMappingHandlerMapping.afterPropertiesSet(RequestMappingHandlerMapping.java:206) ~[spring-webmvc-5.3.10.jar:5.3.10]
	at org.springframework.beans.factory.support.AbstractAutowireCapableBeanFactory.invokeInitMethods(AbstractAutowireCapableBeanFactory.java:1863) ~[spring-beans-5.3.10.jar:5.3.10]
	at org.springframework.beans.factory.support.AbstractAutowireCapableBeanFactory.initializeBean(AbstractAutowireCapableBeanFactory.java:1800) ~[spring-beans-5.3.10.jar:5.3.10]
	... 16 more

2021-10-03 08:06:02.427  INFO 75687 --- [main] c.e.l.LogMetricsEmitterAppApplication    : Starting LogMetricsEmitterAppApplication using Java 11.0.9 on C02DV8YBMD6R with PID 75687 (/Users/Z003CBT/Desktop/metrics-emitter/build/classes/java/main started by Z003CBT in /Users/Z003CBT/Desktop/metrics-emitter)
2021-10-03 08:06:02.433  INFO 75687 --- [main] c.e.l.LogMetricsEmitterAppApplication    : No active profile set, falling back to default profiles: default
2021-10-03 08:06:03.240  INFO 75687 --- [main] o.s.b.w.e.t.TomcatWebServer              : Tomcat initialized with port(s): 8080 (http)
2021-10-03 08:06:03.255  INFO 75687 --- [main] o.a.c.c.StandardService                  : Starting service [Tomcat]
2021-10-03 08:06:03.255  INFO 75687 --- [main] o.a.c.c.StandardEngine                   : Starting Servlet engine: [Apache Tomcat/9.0.53]
2021-10-03 08:06:03.319  INFO 75687 --- [main] o.a.c.c.C.[.[.[/]                        : Initializing Spring embedded WebApplicationContext
2021-10-03 08:06:03.319  INFO 75687 --- [main] w.s.c.ServletWebServerApplicationContext : Root WebApplicationContext: initialization completed in 855 ms
2021-10-03 08:06:03.583  WARN 75687 --- [main] ConfigServletWebServerApplicationContext : Exception encountered during context initialization - cancelling refresh attempt: org.springframework.beans.factory.BeanCreationException: Error creating bean with name 'requestMappingHandlerMapping' defined in class path resource [org/springframework/boot/autoconfigure/web/servlet/WebMvcAutoConfiguration$EnableWebMvcConfiguration.class]: Invocation of init method failed; nested exception is java.lang.IllegalStateException: Ambiguous mapping. Cannot map 'helloControlller' method 
com.example.logmetricsemitterapp.controller.HelloControlller#raiseException()
to {GET [/v1/exception]}: There is already 'counterController' bean method
com.example.logmetricsemitterapp.controller.CounterController#raiseException() mapped.
2021-10-03 08:06:03.589  INFO 75687 --- [main] o.a.c.c.StandardService                  : Stopping service [Tomcat]
2021-10-03 08:06:03.602  INFO 75687 --- [main] ConditionEvaluationReportLoggingListener : 

Error starting ApplicationContext. To display the conditions report re-run your application with 'debug' enabled.
2021-10-03 08:06:03.616 ERROR 75687 --- [main] o.s.b.SpringApplication                  : Application run failed

org.springframework.beans.factory.BeanCreationException: Error creating bean with name 'requestMappingHandlerMapping' defined in class path resource [org/springframework/boot/autoconfigure/web/servlet/WebMvcAutoConfiguration$EnableWebMvcConfiguration.class]: Invocation of init method failed; nested exception is java.lang.IllegalStateException: Ambiguous mapping. Cannot map 'helloControlller' method 
com.example.logmetricsemitterapp.controller.HelloControlller#raiseException()
to {GET [/v1/exception]}: There is already 'counterController' bean method
com.example.logmetricsemitterapp.controller.CounterController#raiseException() mapped.
	at org.springframework.beans.factory.support.AbstractAutowireCapableBeanFactory.initializeBean(AbstractAutowireCapableBeanFactory.java:1804) ~[spring-beans-5.3.10.jar:5.3.10]
	at org.springframework.beans.factory.support.AbstractAutowireCapableBeanFactory.doCreateBean(AbstractAutowireCapableBeanFactory.java:620) ~[spring-beans-5.3.10.jar:5.3.10]
	at org.springframework.beans.factory.support.AbstractAutowireCapableBeanFactory.createBean(AbstractAutowireCapableBeanFactory.java:542) ~[spring-beans-5.3.10.jar:5.3.10]
	at org.springframework.beans.factory.support.AbstractBeanFactory.lambda$doGetBean$0(AbstractBeanFactory.java:335) ~[spring-beans-5.3.10.jar:5.3.10]
	at org.springframework.beans.factory.support.DefaultSingletonBeanRegistry.getSingleton(DefaultSingletonBeanRegistry.java:234) ~[spring-beans-5.3.10.jar:5.3.10]
	at org.springframework.beans.factory.support.AbstractBeanFactory.doGetBean(AbstractBeanFactory.java:333) ~[spring-beans-5.3.10.jar:5.3.10]
	at org.springframework.beans.factory.support.AbstractBeanFactory.getBean(AbstractBeanFactory.java:208) ~[spring-beans-5.3.10.jar:5.3.10]
	at org.springframework.beans.factory.support.DefaultListableBeanFactory.preInstantiateSingletons(DefaultListableBeanFactory.java:944) ~[spring-beans-5.3.10.jar:5.3.10]
	at org.springframework.context.support.AbstractApplicationContext.finishBeanFactoryInitialization(AbstractApplicationContext.java:918) ~[spring-context-5.3.10.jar:5.3.10]
	at org.springframework.context.support.AbstractApplicationContext.refresh(AbstractApplicationContext.java:583) ~[spring-context-5.3.10.jar:5.3.10]
	at org.springframework.boot.web.servlet.context.ServletWebServerApplicationContext.refresh(ServletWebServerApplicationContext.java:145) ~[spring-boot-2.5.5.jar:2.5.5]
	at org.springframework.boot.SpringApplication.refresh(SpringApplication.java:754) [spring-boot-2.5.5.jar:2.5.5]
	at org.springframework.boot.SpringApplication.refreshContext(SpringApplication.java:434) [spring-boot-2.5.5.jar:2.5.5]
	at org.springframework.boot.SpringApplication.run(SpringApplication.java:338) [spring-boot-2.5.5.jar:2.5.5]
	at org.springframework.boot.SpringApplication.run(SpringApplication.java:1343) [spring-boot-2.5.5.jar:2.5.5]
	at org.springframework.boot.SpringApplication.run(SpringApplication.java:1332) [spring-boot-2.5.5.jar:2.5.5]
	at com.example.logmetricsemitterapp.LogMetricsEmitterAppApplication.main(LogMetricsEmitterAppApplication.java:12) [main/:?]
Caused by: java.lang.IllegalStateException: Ambiguous mapping. Cannot map 'helloControlller' method 
com.example.logmetricsemitterapp.controller.HelloControlller#raiseException()
to {GET [/v1/exception]}: There is already 'counterController' bean method
com.example.logmetricsemitterapp.controller.CounterController#raiseException() mapped.
	at org.springframework.web.servlet.handler.AbstractHandlerMethodMapping$MappingRegistry.validateMethodMapping(AbstractHandlerMethodMapping.java:669) ~[spring-webmvc-5.3.10.jar:5.3.10]
	at org.springframework.web.servlet.handler.AbstractHandlerMethodMapping$MappingRegistry.register(AbstractHandlerMethodMapping.java:635) ~[spring-webmvc-5.3.10.jar:5.3.10]
	at org.springframework.web.servlet.handler.AbstractHandlerMethodMapping.registerHandlerMethod(AbstractHandlerMethodMapping.java:332) ~[spring-webmvc-5.3.10.jar:5.3.10]
	at org.springframework.web.servlet.mvc.method.annotation.RequestMappingHandlerMapping.registerHandlerMethod(RequestMappingHandlerMapping.java:395) ~[spring-webmvc-5.3.10.jar:5.3.10]
	at org.springframework.web.servlet.mvc.method.annotation.RequestMappingHandlerMapping.registerHandlerMethod(RequestMappingHandlerMapping.java:76) ~[spring-webmvc-5.3.10.jar:5.3.10]
	at org.springframework.web.servlet.handler.AbstractHandlerMethodMapping.lambda$detectHandlerMethods$2(AbstractHandlerMethodMapping.java:299) ~[spring-webmvc-5.3.10.jar:5.3.10]
	at java.util.LinkedHashMap.forEach(LinkedHashMap.java:684) ~[?:?]
	at org.springframework.web.servlet.handler.AbstractHandlerMethodMapping.detectHandlerMethods(AbstractHandlerMethodMapping.java:297) ~[spring-webmvc-5.3.10.jar:5.3.10]
	at org.springframework.web.servlet.handler.AbstractHandlerMethodMapping.processCandidateBean(AbstractHandlerMethodMapping.java:266) ~[spring-webmvc-5.3.10.jar:5.3.10]
	at org.springframework.web.servlet.handler.AbstractHandlerMethodMapping.initHandlerMethods(AbstractHandlerMethodMapping.java:225) ~[spring-webmvc-5.3.10.jar:5.3.10]
	at org.springframework.web.servlet.handler.AbstractHandlerMethodMapping.afterPropertiesSet(AbstractHandlerMethodMapping.java:213) ~[spring-webmvc-5.3.10.jar:5.3.10]
	at org.springframework.web.servlet.mvc.method.annotation.RequestMappingHandlerMapping.afterPropertiesSet(RequestMappingHandlerMapping.java:206) ~[spring-webmvc-5.3.10.jar:5.3.10]
	at org.springframework.beans.factory.support.AbstractAutowireCapableBeanFactory.invokeInitMethods(AbstractAutowireCapableBeanFactory.java:1863) ~[spring-beans-5.3.10.jar:5.3.10]
	at org.springframework.beans.factory.support.AbstractAutowireCapableBeanFactory.initializeBean(AbstractAutowireCapableBeanFactory.java:1800) ~[spring-beans-5.3.10.jar:5.3.10]
	... 16 more

2021-10-03 08:06:32.363  INFO 75733 --- [main] c.e.l.LogMetricsEmitterAppApplication    : Starting LogMetricsEmitterAppApplication using Java 11.0.9 on C02DV8YBMD6R with PID 75733 (/Users/Z003CBT/Desktop/metrics-emitter/build/classes/java/main started by Z003CBT in /Users/Z003CBT/Desktop/metrics-emitter)
2021-10-03 08:06:32.369  INFO 75733 --- [main] c.e.l.LogMetricsEmitterAppApplication    : No active profile set, falling back to default profiles: default
2021-10-03 08:06:33.185  INFO 75733 --- [main] o.s.b.w.e.t.TomcatWebServer              : Tomcat initialized with port(s): 8080 (http)
2021-10-03 08:06:33.200  INFO 75733 --- [main] o.a.c.c.StandardService                  : Starting service [Tomcat]
2021-10-03 08:06:33.200  INFO 75733 --- [main] o.a.c.c.StandardEngine                   : Starting Servlet engine: [Apache Tomcat/9.0.53]
2021-10-03 08:06:33.265  INFO 75733 --- [main] o.a.c.c.C.[.[.[/]                        : Initializing Spring embedded WebApplicationContext
2021-10-03 08:06:33.265  INFO 75733 --- [main] w.s.c.ServletWebServerApplicationContext : Root WebApplicationContext: initialization completed in 862 ms
2021-10-03 08:06:33.685  INFO 75733 --- [main] o.s.b.a.e.w.EndpointLinksResolver        : Exposing 3 endpoint(s) beneath base path ''
2021-10-03 08:06:33.727  INFO 75733 --- [main] o.s.b.w.e.t.TomcatWebServer              : Tomcat started on port(s): 8080 (http) with context path ''
2021-10-03 08:06:33.738  INFO 75733 --- [main] c.e.l.LogMetricsEmitterAppApplication    : Started LogMetricsEmitterAppApplication in 1.748 seconds (JVM running for 2.547)
2021-10-03 08:06:37.318  INFO 75733 --- [http-nio-8080-exec-1] o.a.c.c.C.[.[.[/]                        : Initializing Spring DispatcherServlet 'dispatcherServlet'
2021-10-03 08:06:37.318  INFO 75733 --- [http-nio-8080-exec-1] o.s.w.s.DispatcherServlet                : Initializing Servlet 'dispatcherServlet'
2021-10-03 08:06:37.320  INFO 75733 --- [http-nio-8080-exec-1] o.s.w.s.DispatcherServlet                : Completed initialization in 1 ms
2021-10-03 08:06:37.341 ERROR 75733 --- [http-nio-8080-exec-1] c.e.l.c.CounterController                : Exception - java.lang.Exception: Exception has occured
	at com.example.logmetricsemitterapp.controller.CounterController.raiseException(CounterController.java:41)
	at java.base/jdk.internal.reflect.NativeMethodAccessorImpl.invoke0(Native Method)
	at java.base/jdk.internal.reflect.NativeMethodAccessorImpl.invoke(NativeMethodAccessorImpl.java:62)
	at java.base/jdk.internal.reflect.DelegatingMethodAccessorImpl.invoke(DelegatingMethodAccessorImpl.java:43)
	at java.base/java.lang.reflect.Method.invoke(Method.java:566)
	at org.springframework.web.method.support.InvocableHandlerMethod.doInvoke(InvocableHandlerMethod.java:205)
	at org.springframework.web.method.support.InvocableHandlerMethod.invokeForRequest(InvocableHandlerMethod.java:150)
	at org.springframework.web.servlet.mvc.method.annotation.ServletInvocableHandlerMethod.invokeAndHandle(ServletInvocableHandlerMethod.java:117)
	at org.springframework.web.servlet.mvc.method.annotation.RequestMappingHandlerAdapter.invokeHandlerMethod(RequestMappingHandlerAdapter.java:895)
	at org.springframework.web.servlet.mvc.method.annotation.RequestMappingHandlerAdapter.handleInternal(RequestMappingHandlerAdapter.java:808)
	at org.springframework.web.servlet.mvc.method.AbstractHandlerMethodAdapter.handle(AbstractHandlerMethodAdapter.java:87)
	at org.springframework.web.servlet.DispatcherServlet.doDispatch(DispatcherServlet.java:1067)
	at org.springframework.web.servlet.DispatcherServlet.doService(DispatcherServlet.java:963)
	at org.springframework.web.servlet.FrameworkServlet.processRequest(FrameworkServlet.java:1006)
	at org.springframework.web.servlet.FrameworkServlet.doGet(FrameworkServlet.java:898)
	at javax.servlet.http.HttpServlet.service(HttpServlet.java:655)
	at org.springframework.web.servlet.FrameworkServlet.service(FrameworkServlet.java:883)
	at javax.servlet.http.HttpServlet.service(HttpServlet.java:764)
	at org.apache.catalina.core.ApplicationFilterChain.internalDoFilter(ApplicationFilterChain.java:227)
	at org.apache.catalina.core.ApplicationFilterChain.doFilter(ApplicationFilterChain.java:162)
	at org.apache.tomcat.websocket.server.WsFilter.doFilter(WsFilter.java:53)
	at org.apache.catalina.core.ApplicationFilterChain.internalDoFilter(ApplicationFilterChain.java:189)
	at org.apache.catalina.core.ApplicationFilterChain.doFilter(ApplicationFilterChain.java:162)
	at org.springframework.web.filter.RequestContextFilter.doFilterInternal(RequestContextFilter.java:100)
	at org.springframework.web.filter.OncePerRequestFilter.doFilter(OncePerRequestFilter.java:119)
	at org.apache.catalina.core.ApplicationFilterChain.internalDoFilter(ApplicationFilterChain.java:189)
	at org.apache.catalina.core.ApplicationFilterChain.doFilter(ApplicationFilterChain.java:162)
	at org.springframework.web.filter.FormContentFilter.doFilterInternal(FormContentFilter.java:93)
	at org.springframework.web.filter.OncePerRequestFilter.doFilter(OncePerRequestFilter.java:119)
	at org.apache.catalina.core.ApplicationFilterChain.internalDoFilter(ApplicationFilterChain.java:189)
	at org.apache.catalina.core.ApplicationFilterChain.doFilter(ApplicationFilterChain.java:162)
	at org.springframework.boot.actuate.metrics.web.servlet.WebMvcMetricsFilter.doFilterInternal(WebMvcMetricsFilter.java:96)
	at org.springframework.web.filter.OncePerRequestFilter.doFilter(OncePerRequestFilter.java:119)
	at org.apache.catalina.core.ApplicationFilterChain.internalDoFilter(ApplicationFilterChain.java:189)
	at org.apache.catalina.core.ApplicationFilterChain.doFilter(ApplicationFilterChain.java:162)
	at org.springframework.web.filter.CharacterEncodingFilter.doFilterInternal(CharacterEncodingFilter.java:201)
	at org.springframework.web.filter.OncePerRequestFilter.doFilter(OncePerRequestFilter.java:119)
	at org.apache.catalina.core.ApplicationFilterChain.internalDoFilter(ApplicationFilterChain.java:189)
	at org.apache.catalina.core.ApplicationFilterChain.doFilter(ApplicationFilterChain.java:162)
	at org.apache.catalina.core.StandardWrapperValve.invoke(StandardWrapperValve.java:197)
	at org.apache.catalina.core.StandardContextValve.invoke(StandardContextValve.java:97)
	at org.apache.catalina.authenticator.AuthenticatorBase.invoke(AuthenticatorBase.java:540)
	at org.apache.catalina.core.StandardHostValve.invoke(StandardHostValve.java:135)
	at org.apache.catalina.valves.ErrorReportValve.invoke(ErrorReportValve.java:92)
	at org.apache.catalina.core.StandardEngineValve.invoke(StandardEngineValve.java:78)
	at org.apache.catalina.connector.CoyoteAdapter.service(CoyoteAdapter.java:357)
	at org.apache.coyote.http11.Http11Processor.service(Http11Processor.java:382)
	at org.apache.coyote.AbstractProcessorLight.process(AbstractProcessorLight.java:65)
	at org.apache.coyote.AbstractProtocol$ConnectionHandler.process(AbstractProtocol.java:893)
	at org.apache.tomcat.util.net.NioEndpoint$SocketProcessor.doRun(NioEndpoint.java:1726)
	at org.apache.tomcat.util.net.SocketProcessorBase.run(SocketProcessorBase.java:49)
	at org.apache.tomcat.util.threads.ThreadPoolExecutor.runWorker(ThreadPoolExecutor.java:1191)
	at org.apache.tomcat.util.threads.ThreadPoolExecutor$Worker.run(ThreadPoolExecutor.java:659)
	at org.apache.tomcat.util.threads.TaskThread$WrappingRunnable.run(TaskThread.java:61)
	at java.base/java.lang.Thread.run(Thread.java:834)

2021-10-03 08:08:15.560  INFO 76239 --- [main] c.e.l.LogMetricsEmitterAppApplication    : Starting LogMetricsEmitterAppApplication using Java 11.0.9 on C02DV8YBMD6R with PID 76239 (/Users/Z003CBT/Desktop/metrics-emitter/build/classes/java/main started by Z003CBT in /Users/Z003CBT/Desktop/metrics-emitter)
2021-10-03 08:08:15.566  INFO 76239 --- [main] c.e.l.LogMetricsEmitterAppApplication    : No active profile set, falling back to default profiles: default
2021-10-03 08:08:16.343  INFO 76239 --- [main] o.s.b.w.e.t.TomcatWebServer              : Tomcat initialized with port(s): 8080 (http)
2021-10-03 08:08:16.357  INFO 76239 --- [main] o.a.c.c.StandardService                  : Starting service [Tomcat]
2021-10-03 08:08:16.358  INFO 76239 --- [main] o.a.c.c.StandardEngine                   : Starting Servlet engine: [Apache Tomcat/9.0.53]
2021-10-03 08:08:16.416  INFO 76239 --- [main] o.a.c.c.C.[.[.[/]                        : Initializing Spring embedded WebApplicationContext
2021-10-03 08:08:16.417  INFO 76239 --- [main] w.s.c.ServletWebServerApplicationContext : Root WebApplicationContext: initialization completed in 816 ms
2021-10-03 08:08:16.780  INFO 76239 --- [main] o.s.b.a.e.w.EndpointLinksResolver        : Exposing 3 endpoint(s) beneath base path ''
2021-10-03 08:08:16.832  INFO 76239 --- [main] o.s.b.w.e.t.TomcatWebServer              : Tomcat started on port(s): 8080 (http) with context path ''
2021-10-03 08:08:16.847  INFO 76239 --- [main] c.e.l.LogMetricsEmitterAppApplication    : Started LogMetricsEmitterAppApplication in 1.639 seconds (JVM running for 2.257)
2021-10-03 08:08:19.689  INFO 76239 --- [http-nio-8080-exec-1] o.a.c.c.C.[.[.[/]                        : Initializing Spring DispatcherServlet 'dispatcherServlet'
2021-10-03 08:08:19.690  INFO 76239 --- [http-nio-8080-exec-1] o.s.w.s.DispatcherServlet                : Initializing Servlet 'dispatcherServlet'
2021-10-03 08:08:19.691  INFO 76239 --- [http-nio-8080-exec-1] o.s.w.s.DispatcherServlet                : Completed initialization in 1 ms
2021-10-03 08:08:19.713 ERROR 76239 --- [http-nio-8080-exec-1] c.e.l.c.CounterController                : Exception -
2021-10-03 08:08:21.942 ERROR 76239 --- [http-nio-8080-exec-2] c.e.l.c.CounterController                : Exception -
2021-10-03 08:10:01.303  INFO 76866 --- [main] c.e.l.LogMetricsEmitterAppApplication    : Starting LogMetricsEmitterAppApplication using Java 11.0.9 on C02DV8YBMD6R with PID 76866 (/Users/Z003CBT/Desktop/metrics-emitter/build/classes/java/main started by Z003CBT in /Users/Z003CBT/Desktop/metrics-emitter)
2021-10-03 08:10:01.309  INFO 76866 --- [main] c.e.l.LogMetricsEmitterAppApplication    : No active profile set, falling back to default profiles: default
2021-10-03 08:10:02.149  INFO 76866 --- [main] o.s.b.w.e.t.TomcatWebServer              : Tomcat initialized with port(s): 8080 (http)
2021-10-03 08:10:02.165  INFO 76866 --- [main] o.a.c.c.StandardService                  : Starting service [Tomcat]
2021-10-03 08:10:02.165  INFO 76866 --- [main] o.a.c.c.StandardEngine                   : Starting Servlet engine: [Apache Tomcat/9.0.53]
2021-10-03 08:10:02.234  INFO 76866 --- [main] o.a.c.c.C.[.[.[/]                        : Initializing Spring embedded WebApplicationContext
2021-10-03 08:10:02.234  INFO 76866 --- [main] w.s.c.ServletWebServerApplicationContext : Root WebApplicationContext: initialization completed in 893 ms
2021-10-03 08:10:02.680  INFO 76866 --- [main] o.s.b.a.e.w.EndpointLinksResolver        : Exposing 3 endpoint(s) beneath base path ''
2021-10-03 08:10:02.725  INFO 76866 --- [main] o.s.b.w.e.t.TomcatWebServer              : Tomcat started on port(s): 8080 (http) with context path ''
2021-10-03 08:10:02.737  INFO 76866 --- [main] c.e.l.LogMetricsEmitterAppApplication    : Started LogMetricsEmitterAppApplication in 1.812 seconds (JVM running for 2.49)
2021-10-03 08:10:06.243  INFO 76866 --- [http-nio-8080-exec-1] o.a.c.c.C.[.[.[/]                        : Initializing Spring DispatcherServlet 'dispatcherServlet'
2021-10-03 08:10:06.255  INFO 76866 --- [http-nio-8080-exec-1] o.s.w.s.DispatcherServlet                : Initializing Servlet 'dispatcherServlet'
2021-10-03 08:10:06.256  INFO 76866 --- [http-nio-8080-exec-1] o.s.w.s.DispatcherServlet                : Completed initialization in 1 ms
2021-10-03 08:10:06.276 ERROR 76866 --- [http-nio-8080-exec-1] c.e.l.c.CounterController                : Exception -[Ljava.lang.StackTraceElement;@13b213ff
2021-10-03 08:10:38.378  INFO 76956 --- [main] c.e.l.LogMetricsEmitterAppApplication    : Starting LogMetricsEmitterAppApplication using Java 11.0.9 on C02DV8YBMD6R with PID 76956 (/Users/Z003CBT/Desktop/metrics-emitter/build/classes/java/main started by Z003CBT in /Users/Z003CBT/Desktop/metrics-emitter)
2021-10-03 08:10:38.384  INFO 76956 --- [main] c.e.l.LogMetricsEmitterAppApplication    : No active profile set, falling back to default profiles: default
2021-10-03 08:10:39.207  INFO 76956 --- [main] o.s.b.w.e.t.TomcatWebServer              : Tomcat initialized with port(s): 8080 (http)
2021-10-03 08:10:39.221  INFO 76956 --- [main] o.a.c.c.StandardService                  : Starting service [Tomcat]
2021-10-03 08:10:39.222  INFO 76956 --- [main] o.a.c.c.StandardEngine                   : Starting Servlet engine: [Apache Tomcat/9.0.53]
2021-10-03 08:10:39.286  INFO 76956 --- [main] o.a.c.c.C.[.[.[/]                        : Initializing Spring embedded WebApplicationContext
2021-10-03 08:10:39.287  INFO 76956 --- [main] w.s.c.ServletWebServerApplicationContext : Root WebApplicationContext: initialization completed in 869 ms
2021-10-03 08:10:39.702  INFO 76956 --- [main] o.s.b.a.e.w.EndpointLinksResolver        : Exposing 3 endpoint(s) beneath base path ''
2021-10-03 08:10:39.744  INFO 76956 --- [main] o.s.b.w.e.t.TomcatWebServer              : Tomcat started on port(s): 8080 (http) with context path ''
2021-10-03 08:10:39.755  INFO 76956 --- [main] c.e.l.LogMetricsEmitterAppApplication    : Started LogMetricsEmitterAppApplication in 1.755 seconds (JVM running for 2.411)
2021-10-03 08:10:42.470  INFO 76956 --- [http-nio-8080-exec-1] o.a.c.c.C.[.[.[/]                        : Initializing Spring DispatcherServlet 'dispatcherServlet'
2021-10-03 08:10:42.470  INFO 76956 --- [http-nio-8080-exec-1] o.s.w.s.DispatcherServlet                : Initializing Servlet 'dispatcherServlet'
2021-10-03 08:10:42.472  INFO 76956 --- [http-nio-8080-exec-1] o.s.w.s.DispatcherServlet                : Completed initialization in 1 ms
2021-10-03 08:10:42.494 ERROR 76956 --- [http-nio-8080-exec-1] c.e.l.c.CounterController                : Exception -Exception has occured
2021-10-03 08:12:04.270  INFO 77471 --- [main] c.e.l.LogMetricsEmitterAppApplication    : Starting LogMetricsEmitterAppApplication using Java 11.0.9 on C02DV8YBMD6R with PID 77471 (/Users/Z003CBT/Desktop/metrics-emitter/build/classes/java/main started by Z003CBT in /Users/Z003CBT/Desktop/metrics-emitter)
2021-10-03 08:12:04.276  INFO 77471 --- [main] c.e.l.LogMetricsEmitterAppApplication    : No active profile set, falling back to default profiles: default
2021-10-03 08:12:05.091  INFO 77471 --- [main] o.s.b.w.e.t.TomcatWebServer              : Tomcat initialized with port(s): 8080 (http)
2021-10-03 08:12:05.106  INFO 77471 --- [main] o.a.c.c.StandardService                  : Starting service [Tomcat]
2021-10-03 08:12:05.107  INFO 77471 --- [main] o.a.c.c.StandardEngine                   : Starting Servlet engine: [Apache Tomcat/9.0.53]
2021-10-03 08:12:05.169  INFO 77471 --- [main] o.a.c.c.C.[.[.[/]                        : Initializing Spring embedded WebApplicationContext
2021-10-03 08:12:05.170  INFO 77471 --- [main] w.s.c.ServletWebServerApplicationContext : Root WebApplicationContext: initialization completed in 858 ms
2021-10-03 08:12:05.597  INFO 77471 --- [main] o.s.b.a.e.w.EndpointLinksResolver        : Exposing 3 endpoint(s) beneath base path ''
2021-10-03 08:12:05.640  INFO 77471 --- [main] o.s.b.w.e.t.TomcatWebServer              : Tomcat started on port(s): 8080 (http) with context path ''
2021-10-03 08:12:05.652  INFO 77471 --- [main] c.e.l.LogMetricsEmitterAppApplication    : Started LogMetricsEmitterAppApplication in 1.766 seconds (JVM running for 2.378)
2021-10-03 08:12:09.855  INFO 77471 --- [http-nio-8080-exec-1] o.a.c.c.C.[.[.[/]                        : Initializing Spring DispatcherServlet 'dispatcherServlet'
2021-10-03 08:12:09.856  INFO 77471 --- [http-nio-8080-exec-1] o.s.w.s.DispatcherServlet                : Initializing Servlet 'dispatcherServlet'
2021-10-03 08:12:09.857  INFO 77471 --- [http-nio-8080-exec-1] o.s.w.s.DispatcherServlet                : Completed initialization in 1 ms
2021-10-03 08:12:09.877 ERROR 77471 --- [http-nio-8080-exec-1] c.e.l.c.CounterController                : Exception - java.lang.Exception: Exception has occured
	at com.example.logmetricsemitterapp.controller.CounterController.raiseException(CounterController.java:41)
	at java.base/jdk.internal.reflect.NativeMethodAccessorImpl.invoke0(Native Method)
	at java.base/jdk.internal.reflect.NativeMethodAccessorImpl.invoke(NativeMethodAccessorImpl.java:62)
	at java.base/jdk.internal.reflect.DelegatingMethodAccessorImpl.invoke(DelegatingMethodAccessorImpl.java:43)
	at java.base/java.lang.reflect.Method.invoke(Method.java:566)
	at org.springframework.web.method.support.InvocableHandlerMethod.doInvoke(InvocableHandlerMethod.java:205)
	at org.springframework.web.method.support.InvocableHandlerMethod.invokeForRequest(InvocableHandlerMethod.java:150)
	at org.springframework.web.servlet.mvc.method.annotation.ServletInvocableHandlerMethod.invokeAndHandle(ServletInvocableHandlerMethod.java:117)
	at org.springframework.web.servlet.mvc.method.annotation.RequestMappingHandlerAdapter.invokeHandlerMethod(RequestMappingHandlerAdapter.java:895)
	at org.springframework.web.servlet.mvc.method.annotation.RequestMappingHandlerAdapter.handleInternal(RequestMappingHandlerAdapter.java:808)
	at org.springframework.web.servlet.mvc.method.AbstractHandlerMethodAdapter.handle(AbstractHandlerMethodAdapter.java:87)
	at org.springframework.web.servlet.DispatcherServlet.doDispatch(DispatcherServlet.java:1067)
	at org.springframework.web.servlet.DispatcherServlet.doService(DispatcherServlet.java:963)
	at org.springframework.web.servlet.FrameworkServlet.processRequest(FrameworkServlet.java:1006)
	at org.springframework.web.servlet.FrameworkServlet.doGet(FrameworkServlet.java:898)
	at javax.servlet.http.HttpServlet.service(HttpServlet.java:655)
	at org.springframework.web.servlet.FrameworkServlet.service(FrameworkServlet.java:883)
	at javax.servlet.http.HttpServlet.service(HttpServlet.java:764)
	at org.apache.catalina.core.ApplicationFilterChain.internalDoFilter(ApplicationFilterChain.java:227)
	at org.apache.catalina.core.ApplicationFilterChain.doFilter(ApplicationFilterChain.java:162)
	at org.apache.tomcat.websocket.server.WsFilter.doFilter(WsFilter.java:53)
	at org.apache.catalina.core.ApplicationFilterChain.internalDoFilter(ApplicationFilterChain.java:189)
	at org.apache.catalina.core.ApplicationFilterChain.doFilter(ApplicationFilterChain.java:162)
	at org.springframework.web.filter.RequestContextFilter.doFilterInternal(RequestContextFilter.java:100)
	at org.springframework.web.filter.OncePerRequestFilter.doFilter(OncePerRequestFilter.java:119)
	at org.apache.catalina.core.ApplicationFilterChain.internalDoFilter(ApplicationFilterChain.java:189)
	at org.apache.catalina.core.ApplicationFilterChain.doFilter(ApplicationFilterChain.java:162)
	at org.springframework.web.filter.FormContentFilter.doFilterInternal(FormContentFilter.java:93)
	at org.springframework.web.filter.OncePerRequestFilter.doFilter(OncePerRequestFilter.java:119)
	at org.apache.catalina.core.ApplicationFilterChain.internalDoFilter(ApplicationFilterChain.java:189)
	at org.apache.catalina.core.ApplicationFilterChain.doFilter(ApplicationFilterChain.java:162)
	at org.springframework.boot.actuate.metrics.web.servlet.WebMvcMetricsFilter.doFilterInternal(WebMvcMetricsFilter.java:96)
	at org.springframework.web.filter.OncePerRequestFilter.doFilter(OncePerRequestFilter.java:119)
	at org.apache.catalina.core.ApplicationFilterChain.internalDoFilter(ApplicationFilterChain.java:189)
	at org.apache.catalina.core.ApplicationFilterChain.doFilter(ApplicationFilterChain.java:162)
	at org.springframework.web.filter.CharacterEncodingFilter.doFilterInternal(CharacterEncodingFilter.java:201)
	at org.springframework.web.filter.OncePerRequestFilter.doFilter(OncePerRequestFilter.java:119)
	at org.apache.catalina.core.ApplicationFilterChain.internalDoFilter(ApplicationFilterChain.java:189)
	at org.apache.catalina.core.ApplicationFilterChain.doFilter(ApplicationFilterChain.java:162)
	at org.apache.catalina.core.StandardWrapperValve.invoke(StandardWrapperValve.java:197)
	at org.apache.catalina.core.StandardContextValve.invoke(StandardContextValve.java:97)
	at org.apache.catalina.authenticator.AuthenticatorBase.invoke(AuthenticatorBase.java:540)
	at org.apache.catalina.core.StandardHostValve.invoke(StandardHostValve.java:135)
	at org.apache.catalina.valves.ErrorReportValve.invoke(ErrorReportValve.java:92)
	at org.apache.catalina.core.StandardEngineValve.invoke(StandardEngineValve.java:78)
	at org.apache.catalina.connector.CoyoteAdapter.service(CoyoteAdapter.java:357)
	at org.apache.coyote.http11.Http11Processor.service(Http11Processor.java:382)
	at org.apache.coyote.AbstractProcessorLight.process(AbstractProcessorLight.java:65)
	at org.apache.coyote.AbstractProtocol$ConnectionHandler.process(AbstractProtocol.java:893)
	at org.apache.tomcat.util.net.NioEndpoint$SocketProcessor.doRun(NioEndpoint.java:1726)
	at org.apache.tomcat.util.net.SocketProcessorBase.run(SocketProcessorBase.java:49)
	at org.apache.tomcat.util.threads.ThreadPoolExecutor.runWorker(ThreadPoolExecutor.java:1191)
	at org.apache.tomcat.util.threads.ThreadPoolExecutor$Worker.run(ThreadPoolExecutor.java:659)
	at org.apache.tomcat.util.threads.TaskThread$WrappingRunnable.run(TaskThread.java:61)
	at java.base/java.lang.Thread.run(Thread.java:834)

2021-10-03 08:12:18.403  INFO 77471 --- [http-nio-8080-exec-2] c.e.l.c.CounterController                :  increase count to 1Sun Oct 03 08:12:18 IST 2021
2021-10-03 08:12:20.647  INFO 77471 --- [http-nio-8080-exec-3] c.e.l.c.CounterController                :  increase count to 2Sun Oct 03 08:12:20 IST 2021
2021-10-03 08:12:20.990  INFO 77471 --- [http-nio-8080-exec-4] c.e.l.c.CounterController                :  increase count to 3Sun Oct 03 08:12:20 IST 2021
2021-10-03 08:12:21.226  INFO 77471 --- [http-nio-8080-exec-5] c.e.l.c.CounterController                :  increase count to 4Sun Oct 03 08:12:21 IST 2021
2021-10-03 08:12:21.423  INFO 77471 --- [http-nio-8080-exec-6] c.e.l.c.CounterController                :  increase count to 5Sun Oct 03 08:12:21 IST 2021
2021-10-03 10:34:54.892  INFO 24830 --- [Test worker] e.l.LogMetricsEmitterAppApplicationTests : Starting LogMetricsEmitterAppApplicationTests using Java 11.0.9 on C02DV8YBMD6R with PID 24830 (started by Z003CBT in /Users/Z003CBT/Desktop/metrics-emitter)
2021-10-03 10:34:54.900  INFO 24830 --- [Test worker] e.l.LogMetricsEmitterAppApplicationTests : No active profile set, falling back to default profiles: default
2021-10-03 10:34:56.141  INFO 24830 --- [Test worker] o.s.b.a.e.w.EndpointLinksResolver        : Exposing 2 endpoint(s) beneath base path ''
2021-10-03 10:34:56.176  INFO 24830 --- [Test worker] e.l.LogMetricsEmitterAppApplicationTests : Started LogMetricsEmitterAppApplicationTests in 1.514 seconds (JVM running for 2.626)
2021-10-03 11:58:04.213  INFO 58895 --- [main] c.e.l.LogMetricsEmitterAppApplication    : Starting LogMetricsEmitterAppApplication using Java 11.0.9 on C02DV8YBMD6R with PID 58895 (/Users/Z003CBT/Desktop/metrics-emitter/build/classes/java/main started by Z003CBT in /Users/Z003CBT/Desktop/metrics-emitter)
2021-10-03 11:58:04.219  INFO 58895 --- [main] c.e.l.LogMetricsEmitterAppApplication    : No active profile set, falling back to default profiles: default
2021-10-03 11:58:05.173  INFO 58895 --- [main] o.s.b.w.e.t.TomcatWebServer              : Tomcat initialized with port(s): 8080 (http)
2021-10-03 11:58:05.191  INFO 58895 --- [main] o.a.c.c.StandardService                  : Starting service [Tomcat]
2021-10-03 11:58:05.192  INFO 58895 --- [main] o.a.c.c.StandardEngine                   : Starting Servlet engine: [Apache Tomcat/9.0.53]
2021-10-03 11:58:05.259  INFO 58895 --- [main] o.a.c.c.C.[.[.[/]                        : Initializing Spring embedded WebApplicationContext
2021-10-03 11:58:05.259  INFO 58895 --- [main] w.s.c.ServletWebServerApplicationContext : Root WebApplicationContext: initialization completed in 1004 ms
2021-10-03 11:58:05.694  INFO 58895 --- [main] o.s.b.a.e.w.EndpointLinksResolver        : Exposing 3 endpoint(s) beneath base path ''
2021-10-03 11:58:05.737  INFO 58895 --- [main] o.s.b.w.e.t.TomcatWebServer              : Tomcat started on port(s): 8080 (http) with context path ''
2021-10-03 11:58:05.748  INFO 58895 --- [main] c.e.l.LogMetricsEmitterAppApplication    : Started LogMetricsEmitterAppApplication in 1.918 seconds (JVM running for 4.368)
2021-10-03 11:58:12.596  INFO 58895 --- [http-nio-8080-exec-1] o.a.c.c.C.[.[.[/]                        : Initializing Spring DispatcherServlet 'dispatcherServlet'
2021-10-03 11:58:12.597  INFO 58895 --- [http-nio-8080-exec-1] o.s.w.s.DispatcherServlet                : Initializing Servlet 'dispatcherServlet'
2021-10-03 11:58:12.598  INFO 58895 --- [http-nio-8080-exec-1] o.s.w.s.DispatcherServlet                : Completed initialization in 1 ms
2021-10-03 11:58:43.387 ERROR 58895 --- [http-nio-8080-exec-4] c.e.l.c.CounterController                : Exception - java.lang.Exception: Exception has occured
	at com.example.logmetricsemitterapp.controller.CounterController.raiseException(CounterController.java:41)
	at java.base/jdk.internal.reflect.NativeMethodAccessorImpl.invoke0(Native Method)
	at java.base/jdk.internal.reflect.NativeMethodAccessorImpl.invoke(NativeMethodAccessorImpl.java:62)
	at java.base/jdk.internal.reflect.DelegatingMethodAccessorImpl.invoke(DelegatingMethodAccessorImpl.java:43)
	at java.base/java.lang.reflect.Method.invoke(Method.java:566)
	at org.springframework.web.method.support.InvocableHandlerMethod.doInvoke(InvocableHandlerMethod.java:205)
	at org.springframework.web.method.support.InvocableHandlerMethod.invokeForRequest(InvocableHandlerMethod.java:150)
	at org.springframework.web.servlet.mvc.method.annotation.ServletInvocableHandlerMethod.invokeAndHandle(ServletInvocableHandlerMethod.java:117)
	at org.springframework.web.servlet.mvc.method.annotation.RequestMappingHandlerAdapter.invokeHandlerMethod(RequestMappingHandlerAdapter.java:895)
	at org.springframework.web.servlet.mvc.method.annotation.RequestMappingHandlerAdapter.handleInternal(RequestMappingHandlerAdapter.java:808)
	at org.springframework.web.servlet.mvc.method.AbstractHandlerMethodAdapter.handle(AbstractHandlerMethodAdapter.java:87)
	at org.springframework.web.servlet.DispatcherServlet.doDispatch(DispatcherServlet.java:1067)
	at org.springframework.web.servlet.DispatcherServlet.doService(DispatcherServlet.java:963)
	at org.springframework.web.servlet.FrameworkServlet.processRequest(FrameworkServlet.java:1006)
	at org.springframework.web.servlet.FrameworkServlet.doGet(FrameworkServlet.java:898)
	at javax.servlet.http.HttpServlet.service(HttpServlet.java:655)
	at org.springframework.web.servlet.FrameworkServlet.service(FrameworkServlet.java:883)
	at javax.servlet.http.HttpServlet.service(HttpServlet.java:764)
	at org.apache.catalina.core.ApplicationFilterChain.internalDoFilter(ApplicationFilterChain.java:227)
	at org.apache.catalina.core.ApplicationFilterChain.doFilter(ApplicationFilterChain.java:162)
	at org.apache.tomcat.websocket.server.WsFilter.doFilter(WsFilter.java:53)
	at org.apache.catalina.core.ApplicationFilterChain.internalDoFilter(ApplicationFilterChain.java:189)
	at org.apache.catalina.core.ApplicationFilterChain.doFilter(ApplicationFilterChain.java:162)
	at org.springframework.web.filter.RequestContextFilter.doFilterInternal(RequestContextFilter.java:100)
	at org.springframework.web.filter.OncePerRequestFilter.doFilter(OncePerRequestFilter.java:119)
	at org.apache.catalina.core.ApplicationFilterChain.internalDoFilter(ApplicationFilterChain.java:189)
	at org.apache.catalina.core.ApplicationFilterChain.doFilter(ApplicationFilterChain.java:162)
	at org.springframework.web.filter.FormContentFilter.doFilterInternal(FormContentFilter.java:93)
	at org.springframework.web.filter.OncePerRequestFilter.doFilter(OncePerRequestFilter.java:119)
	at org.apache.catalina.core.ApplicationFilterChain.internalDoFilter(ApplicationFilterChain.java:189)
	at org.apache.catalina.core.ApplicationFilterChain.doFilter(ApplicationFilterChain.java:162)
	at org.springframework.boot.actuate.metrics.web.servlet.WebMvcMetricsFilter.doFilterInternal(WebMvcMetricsFilter.java:96)
	at org.springframework.web.filter.OncePerRequestFilter.doFilter(OncePerRequestFilter.java:119)
	at org.apache.catalina.core.ApplicationFilterChain.internalDoFilter(ApplicationFilterChain.java:189)
	at org.apache.catalina.core.ApplicationFilterChain.doFilter(ApplicationFilterChain.java:162)
	at org.springframework.web.filter.CharacterEncodingFilter.doFilterInternal(CharacterEncodingFilter.java:201)
	at org.springframework.web.filter.OncePerRequestFilter.doFilter(OncePerRequestFilter.java:119)
	at org.apache.catalina.core.ApplicationFilterChain.internalDoFilter(ApplicationFilterChain.java:189)
	at org.apache.catalina.core.ApplicationFilterChain.doFilter(ApplicationFilterChain.java:162)
	at org.apache.catalina.core.StandardWrapperValve.invoke(StandardWrapperValve.java:197)
	at org.apache.catalina.core.StandardContextValve.invoke(StandardContextValve.java:97)
	at org.apache.catalina.authenticator.AuthenticatorBase.invoke(AuthenticatorBase.java:540)
	at org.apache.catalina.core.StandardHostValve.invoke(StandardHostValve.java:135)
	at org.apache.catalina.valves.ErrorReportValve.invoke(ErrorReportValve.java:92)
	at org.apache.catalina.core.StandardEngineValve.invoke(StandardEngineValve.java:78)
	at org.apache.catalina.connector.CoyoteAdapter.service(CoyoteAdapter.java:357)
	at org.apache.coyote.http11.Http11Processor.service(Http11Processor.java:382)
	at org.apache.coyote.AbstractProcessorLight.process(AbstractProcessorLight.java:65)
	at org.apache.coyote.AbstractProtocol$ConnectionHandler.process(AbstractProtocol.java:893)
	at org.apache.tomcat.util.net.NioEndpoint$SocketProcessor.doRun(NioEndpoint.java:1726)
	at org.apache.tomcat.util.net.SocketProcessorBase.run(SocketProcessorBase.java:49)
	at org.apache.tomcat.util.threads.ThreadPoolExecutor.runWorker(ThreadPoolExecutor.java:1191)
	at org.apache.tomcat.util.threads.ThreadPoolExecutor$Worker.run(ThreadPoolExecutor.java:659)
	at org.apache.tomcat.util.threads.TaskThread$WrappingRunnable.run(TaskThread.java:61)
	at java.base/java.lang.Thread.run(Thread.java:834)

